<?xml version="1.0" encoding="UTF-8"?>
<testsuite xmlns:xsi="http://www.w3.org/2001/XMLSchema-instance" xsi:noNamespaceSchemaLocation="https://maven.apache.org/surefire/maven-surefire-plugin/xsd/surefire-test-report-3.0.xsd" version="3.0" name="TriangleTest" time="0.045" tests="9" errors="0" skipped="0" failures="6">
  <properties>
[...]
</properties>
  <testcase name="testValidEquilateralTriangle" classname="TriangleTest" time="0.017"/>
  <testcase name="testInvalidInfinity" classname="TriangleTest" time="0">
    <failure type="org.opentest4j.AssertionFailedError"><![CDATA[org.opentest4j.AssertionFailedError: expected: <0.0> but was: <NaN>
	at TriangleTest.testInvalidInfinity(TriangleTest.java:64)
]]></failure>
  </testcase>
  <testcase name="testInvalidLargeSide" classname="TriangleTest" time="0.003">
    <failure type="org.opentest4j.AssertionFailedError"><![CDATA[org.opentest4j.AssertionFailedError: Expected java.lang.IllegalArgumentException to be thrown, but nothing was thrown.
	at TriangleTest.testInvalidLargeSide(TriangleTest.java:52)
]]></failure>
  </testcase>
  <testcase name="testInvalidZeroSide" classname="TriangleTest" time="0">
    <failure type="org.opentest4j.AssertionFailedError"><![CDATA[org.opentest4j.AssertionFailedError: Expected java.lang.IllegalArgumentException to be thrown, but nothing was thrown.
	at TriangleTest.testInvalidZeroSide(TriangleTest.java:47)
]]></failure>
  </testcase>
  <testcase name="testInvalidNegativeSide" classname="TriangleTest" time="0">
    <failure type="org.opentest4j.AssertionFailedError"><![CDATA[org.opentest4j.AssertionFailedError: Expected java.lang.IllegalArgumentException to be thrown, but nothing was thrown.
	at TriangleTest.testInvalidNegativeSide(TriangleTest.java:42)
]]></failure>
  </testcase>
  <testcase name="testValidScaleneTriangle" classname="TriangleTest" time="0"/>
  <testcase name="testValidRightTriangle" classname="TriangleTest" time="0"/>
  <testcase name="testInvalidNonTriangle" classname="TriangleTest" time="0">
    <failure type="org.opentest4j.AssertionFailedError"><![CDATA[org.opentest4j.AssertionFailedError: expected: <0.0> but was: <NaN>
	at TriangleTest.testInvalidNonTriangle(TriangleTest.java:37)
]]></failure>
  </testcase>
  <testcase name="testInvalidNaN" classname="TriangleTest" time="0">
    <failure type="org.opentest4j.AssertionFailedError"><![CDATA[org.opentest4j.AssertionFailedError: expected: <0.0> but was: <NaN>
	at TriangleTest.testInvalidNaN(TriangleTest.java:58)
]]></failure>
  </testcase>
</testsuite>